<?xml version="1.0" encoding="UTF-8"?>
<testng-results ignored="1" total="2" passed="1" failed="0" skipped="0">
  <reporter-output>
  </reporter-output>
  <suite started-at="2021-10-27T17:52:55Z" name="Default suite" finished-at="2021-10-27T17:54:07Z" duration-ms="71902">
    <groups>
    </groups>
    <test started-at="2021-10-27T17:52:55Z" name="Default test" finished-at="2021-10-27T17:54:07Z" duration-ms="71902">
      <class name="testcases.Homepagetest">
        <test-method is-config="true" signature="setUp()[pri:0, instance:testcases.Homepagetest@18f8cd79]" started-at="2021-10-27T23:22:55Z" name="setUp" finished-at="2021-10-27T23:23:22Z" duration-ms="26954" status="PASS">
          <reporter-output>
          </reporter-output>
        </test-method> <!-- setUp -->
        <test-method signature="Available_OPtions()[pri:0, instance:testcases.Homepagetest@18f8cd79]" started-at="2021-10-27T23:23:22Z" name="Available_OPtions" finished-at="2021-10-27T23:24:07Z" duration-ms="44923" status="PASS">
          <reporter-output>
          </reporter-output>
        </test-method> <!-- Available_OPtions -->
        <test-method is-config="true" signature="tearDown()[pri:0, instance:testcases.Homepagetest@18f8cd79]" started-at="2021-10-27T23:24:07Z" name="tearDown" finished-at="2021-10-27T23:24:07Z" duration-ms="0" status="PASS">
          <reporter-output>
          </reporter-output>
        </test-method> <!-- tearDown -->
      </class> <!-- testcases.Homepagetest -->
    </test> <!-- Default test -->
  </suite> <!-- Default suite -->
</testng-results>
