<?xml version="1.0" encoding="UTF-8"?>
<!-- Generated by org.testng.reporters.JUnitXMLReporter -->
<testsuite ignored="1" hostname="LAPTOP-83K3QJ4L" failures="0" tests="1" name="Default test" time="71.902" errors="0" timestamp="27 Oct 2021 17:54:07 GMT">
  <testcase classname="testcases.Homepagetest" name="Available_OPtions" time="44.923"/>
  <testcase classname="testcases.Homepagetest" name="logoprsent" time="0.0">
    <ignored/>
  </testcase> <!-- logoprsent -->
</testsuite> <!-- Default test -->
